<?xml version="1.0" encoding="UTF-8"?>
<testsuite name="exambyte.application.web.OrganisatorControllerTest" tests="1" skipped="0" failures="0" errors="0" timestamp="2025-02-20T16:14:42" hostname="Mac" time="0.172">
  <properties/>
  <testcase name="POST auf 'saveTheFreetextQuestion' mit Antwortmöglichkeiten geht mit Rolle" classname="exambyte.application.web.OrganisatorControllerTest" time="0.172"/>
  <system-out><![CDATA[17:14:41.175 [Test worker] INFO org.springframework.test.context.support.AnnotationConfigContextLoaderUtils -- Could not detect default configuration classes for test class [exambyte.application.web.OrganisatorControllerTest]: OrganisatorControllerTest does not declare any static, non-private, non-final, nested classes annotated with @Configuration.
17:14:41.282 [Test worker] INFO org.springframework.boot.test.context.SpringBootTestContextBootstrapper -- Found @SpringBootConfiguration exambyte.application.ExamByteApplication for test class exambyte.application.web.OrganisatorControllerTest

  .   ____          _            __ _ _
 /\\ / ___'_ __ _ _(_)_ __  __ _ \ \ \ \
( ( )\___ | '_ | '_| | '_ \/ _` | \ \ \ \
 \\/  ___)| |_)| | | | | || (_| |  ) ) ) )
  '  |____| .__|_| |_|_| |_\__, | / / / /
 =========|_|==============|___/=/_/_/_/

 :: Spring Boot ::                (v3.4.0)

2025-02-20T17:14:42.317+01:00 TRACE 4166 --- [    Test worker] eGlobalAuthenticationAutowiredConfigurer : Eagerly initializing {exambyte.application.config.SecurityConfig=exambyte.application.config.SecurityConfig$$SpringCGLIB$$0@7f2ca6f8}
2025-02-20T17:14:42.318+01:00 DEBUG 4166 --- [    Test worker] swordEncoderAuthenticationManagerBuilder : No authenticationProviders and no parentAuthenticationManager defined. Returning null.
2025-02-20T17:14:42.480+01:00 DEBUG 4166 --- [    Test worker] o.s.s.web.DefaultSecurityFilterChain     : Will secure any request with filters: DisableEncodeUrlFilter, WebAsyncManagerIntegrationFilter, SecurityContextHolderFilter, HeaderWriterFilter, CsrfFilter, LogoutFilter, OAuth2AuthorizationRequestRedirectFilter, OAuth2LoginAuthenticationFilter, RequestCacheAwareFilter, SecurityContextHolderAwareRequestFilter, AnonymousAuthenticationFilter, ExceptionTranslationFilter, AuthorizationFilter
2025-02-20T17:14:42.608+01:00 TRACE 4166 --- [    Test worker] w.c.HttpSessionSecurityContextRepository : No HttpSession currently exists
2025-02-20T17:14:42.608+01:00 TRACE 4166 --- [    Test worker] w.c.HttpSessionSecurityContextRepository : Created SecurityContextImpl [Null authentication]
2025-02-20T17:14:42.609+01:00 TRACE 4166 --- [    Test worker] .s.s.w.c.SupplierDeferredSecurityContext : Created SecurityContextImpl [Null authentication]
2025-02-20T17:14:42.610+01:00 DEBUG 4166 --- [    Test worker] w.c.HttpSessionSecurityContextRepository : Created HttpSession as SecurityContext is non-default
2025-02-20T17:14:42.610+01:00 DEBUG 4166 --- [    Test worker] w.c.HttpSessionSecurityContextRepository : Stored SecurityContextImpl [Authentication=OAuth2AuthenticationToken [Principal=Name: [666666], Granted Authorities: [[ROLE_ORGANISATOR]], User Attributes: [{login=username, id=666666}], Credentials=[PROTECTED], Authenticated=true, Details=null, Granted Authorities=[ROLE_ORGANISATOR]]] to HttpSession [org.springframework.mock.web.MockHttpSession@6e6c8854]
2025-02-20T17:14:42.614+01:00 TRACE 4166 --- [    Test worker] o.s.security.web.FilterChainProxy        : Trying to match request against DefaultSecurityFilterChain defined as 'securityFilterChain' in [class path resource [exambyte/application/config/SecurityConfig.class]] matching [any request] and having filters [DisableEncodeUrl, WebAsyncManagerIntegration, SecurityContextHolder, HeaderWriter, Csrf, Logout, OAuth2AuthorizationRequestRedirect, OAuth2LoginAuthentication, RequestCacheAware, SecurityContextHolderAwareRequest, AnonymousAuthentication, ExceptionTranslation, Authorization] (1/1)
2025-02-20T17:14:42.614+01:00 DEBUG 4166 --- [    Test worker] o.s.security.web.FilterChainProxy        : Securing POST /organisator/saveTheFreetextQuestion
2025-02-20T17:14:42.614+01:00 TRACE 4166 --- [    Test worker] o.s.security.web.FilterChainProxy        : Invoking DisableEncodeUrlFilter (1/13)
2025-02-20T17:14:42.614+01:00 TRACE 4166 --- [    Test worker] o.s.security.web.FilterChainProxy        : Invoking WebAsyncManagerIntegrationFilter (2/13)
2025-02-20T17:14:42.615+01:00 TRACE 4166 --- [    Test worker] o.s.security.web.FilterChainProxy        : Invoking SecurityContextHolderFilter (3/13)
2025-02-20T17:14:42.615+01:00 TRACE 4166 --- [    Test worker] o.s.security.web.FilterChainProxy        : Invoking HeaderWriterFilter (4/13)
2025-02-20T17:14:42.615+01:00 TRACE 4166 --- [    Test worker] o.s.security.web.FilterChainProxy        : Invoking CsrfFilter (5/13)
2025-02-20T17:14:42.616+01:00 TRACE 4166 --- [    Test worker] o.s.security.web.FilterChainProxy        : Invoking LogoutFilter (6/13)
2025-02-20T17:14:42.616+01:00 TRACE 4166 --- [    Test worker] o.s.s.w.a.logout.LogoutFilter            : Did not match request to Ant [pattern='/logout', POST]
2025-02-20T17:14:42.616+01:00 TRACE 4166 --- [    Test worker] o.s.security.web.FilterChainProxy        : Invoking OAuth2AuthorizationRequestRedirectFilter (7/13)
2025-02-20T17:14:42.616+01:00 TRACE 4166 --- [    Test worker] o.s.security.web.FilterChainProxy        : Invoking OAuth2LoginAuthenticationFilter (8/13)
2025-02-20T17:14:42.616+01:00 TRACE 4166 --- [    Test worker] .s.o.c.w.OAuth2LoginAuthenticationFilter : Did not match request to Ant [pattern='/login/oauth2/code/*']
2025-02-20T17:14:42.616+01:00 TRACE 4166 --- [    Test worker] o.s.security.web.FilterChainProxy        : Invoking RequestCacheAwareFilter (9/13)
2025-02-20T17:14:42.616+01:00 TRACE 4166 --- [    Test worker] o.s.s.w.s.HttpSessionRequestCache        : matchingRequestParameterName is required for getMatchingRequest to lookup a value, but not provided
2025-02-20T17:14:42.616+01:00 TRACE 4166 --- [    Test worker] o.s.security.web.FilterChainProxy        : Invoking SecurityContextHolderAwareRequestFilter (10/13)
2025-02-20T17:14:42.617+01:00 TRACE 4166 --- [    Test worker] o.s.security.web.FilterChainProxy        : Invoking AnonymousAuthenticationFilter (11/13)
2025-02-20T17:14:42.617+01:00 TRACE 4166 --- [    Test worker] o.s.security.web.FilterChainProxy        : Invoking ExceptionTranslationFilter (12/13)
2025-02-20T17:14:42.617+01:00 TRACE 4166 --- [    Test worker] o.s.security.web.FilterChainProxy        : Invoking AuthorizationFilter (13/13)
2025-02-20T17:14:42.617+01:00 TRACE 4166 --- [    Test worker] estMatcherDelegatingAuthorizationManager : Authorizing POST /organisator/saveTheFreetextQuestion
2025-02-20T17:14:42.619+01:00 TRACE 4166 --- [    Test worker] estMatcherDelegatingAuthorizationManager : Checking authorization on POST /organisator/saveTheFreetextQuestion using AuthorityAuthorizationManager[authorities=[ROLE_ORGANISATOR]]
2025-02-20T17:14:42.619+01:00 TRACE 4166 --- [    Test worker] w.c.HttpSessionSecurityContextRepository : Retrieved SecurityContextImpl [Authentication=OAuth2AuthenticationToken [Principal=Name: [666666], Granted Authorities: [[ROLE_ORGANISATOR]], User Attributes: [{login=username, id=666666}], Credentials=[PROTECTED], Authenticated=true, Details=null, Granted Authorities=[ROLE_ORGANISATOR]]] from SPRING_SECURITY_CONTEXT
2025-02-20T17:14:42.619+01:00 TRACE 4166 --- [    Test worker] o.s.s.w.a.AnonymousAuthenticationFilter  : Did not set SecurityContextHolder since already authenticated OAuth2AuthenticationToken [Principal=Name: [666666], Granted Authorities: [[ROLE_ORGANISATOR]], User Attributes: [{login=username, id=666666}], Credentials=[PROTECTED], Authenticated=true, Details=null, Granted Authorities=[ROLE_ORGANISATOR]]
2025-02-20T17:14:42.620+01:00 DEBUG 4166 --- [    Test worker] o.s.security.web.FilterChainProxy        : Secured POST /organisator/saveTheFreetextQuestion
2025-02-20T17:14:42.632+01:00 DEBUG 4166 --- [    Test worker] horizationManagerBeforeMethodInterceptor : Authorizing method invocation ReflectiveMethodInvocation: public java.lang.String exambyte.application.web.OrganisatorController.saveTheFreetextQuestion(org.springframework.ui.Model,exambyte.application.web.updaters.FreeTextQuestionUpdater); target is of class [exambyte.application.web.OrganisatorController]
2025-02-20T17:14:42.632+01:00 DEBUG 4166 --- [    Test worker] horizationManagerBeforeMethodInterceptor : Authorized method invocation ReflectiveMethodInvocation: public java.lang.String exambyte.application.web.OrganisatorController.saveTheFreetextQuestion(org.springframework.ui.Model,exambyte.application.web.updaters.FreeTextQuestionUpdater); target is of class [exambyte.application.web.OrganisatorController]
2025-02-20T17:14:42.747+01:00 TRACE 4166 --- [    Test worker] o.s.s.w.header.writers.HstsHeaderWriter  : Not injecting HSTS header since it did not match request to [Is Secure]
]]></system-out>
  <system-err><![CDATA[Mockito is currently self-attaching to enable the inline-mock-maker. This will no longer work in future releases of the JDK. Please add Mockito as an agent to your build what is described in Mockito's documentation: https://javadoc.io/doc/org.mockito/mockito-core/latest/org/mockito/Mockito.html#0.3
WARNING: A Java agent has been loaded dynamically (/Users/artemii/.gradle/caches/modules-2/files-2.1/net.bytebuddy/byte-buddy-agent/1.15.10/e8eb255b2c378b9a6c7341e7b0e12f0a5636377/byte-buddy-agent-1.15.10.jar)
WARNING: If a serviceability tool is in use, please run with -XX:+EnableDynamicAgentLoading to hide this warning
WARNING: If a serviceability tool is not in use, please run with -Djdk.instrument.traceUsage for more information
WARNING: Dynamic loading of agents will be disallowed by default in a future release
]]></system-err>
</testsuite>
